2016/12/05 09:59:26 [error] [exception.CDbException] CDbException: CDbConnection failed to open the DB connection: SQLSTATE[HY000] [1049] Unknown database 'motorbike' in /home/misagh/www/yii/framework/db/CDbConnection.php:382
Stack trace:
#0 /home/misagh/www/yii/framework/db/CDbConnection.php(331): CDbConnection->open()
#1 /home/misagh/www/yii/framework/db/CDbConnection.php(309): CDbConnection->setActive(true)
#2 /home/misagh/www/yii/framework/base/CModule.php(388): CDbConnection->init()
#3 /home/misagh/www/yii/framework/base/CModule.php(104): CModule->getComponent('db')
#4 /home/misagh/www/yii/framework/gii/generators/model/ModelCode.php(57): CModule->__get('db')
#5 /home/misagh/www/yii/framework/web/CFormModel.php(40): ModelCode->init()
#6 /home/misagh/www/yii/framework/gii/CCodeGenerator.php(154): CFormModel->__construct()
#7 /home/misagh/www/yii/framework/gii/CCodeGenerator.php(64): CCodeGenerator->prepare()
#8 /home/misagh/www/yii/framework/web/actions/CInlineAction.php(50): CCodeGenerator->actionIndex()
#9 /home/misagh/www/yii/framework/web/CController.php(309): CInlineAction->runWithParams(Array)
#10 /home/misagh/www/yii/framework/web/CController.php(287): CController->runAction(Object(CInlineAction))
#11 /home/misagh/www/yii/framework/web/CController.php(266): CController->runActionWithFilters(Object(CInlineAction), Array)
#12 /home/misagh/www/yii/framework/web/CWebApplication.php(283): CController->run('')
#13 /home/misagh/www/yii/framework/web/CWebApplication.php(142): CWebApplication->runController('gii/model')
#14 /home/misagh/www/yii/framework/base/CApplication.php(162): CWebApplication->processRequest()
#15 /home/misagh/www/motorbike/index.php(13): CApplication->run()
#16 {main}
REQUEST_URI=/motorbike/index.php/gii/model
HTTP_REFERER=http://localhost/motorbike/index.php/gii/default/index
---
2016/12/05 10:02:12 [error] [system.db.CDbCommand] CDbCommand::fetchAll() failed: SQLSTATE[42S02]: Base table or view not found: 1146 Table 'motorbike.motors' doesn't exist. The SQL statement executed was: SHOW COLUMNS FROM `motors`.
in /home/misagh/www/motorbike/index.php (13)
2016/12/05 10:02:35 [error] [system.db.CDbCommand] CDbCommand::fetchAll() failed: SQLSTATE[42S02]: Base table or view not found: 1146 Table 'motorbike.motor' doesn't exist. The SQL statement executed was: SHOW COLUMNS FROM `motor`.
in /home/misagh/www/motorbike/index.php (13)
2016/12/05 10:05:36 [error] [system.db.CDbCommand] CDbCommand::fetchAll() failed: SQLSTATE[42S02]: Base table or view not found: 1146 Table 'motorbike.tbl_motor' doesn't exist. The SQL statement executed was: SHOW COLUMNS FROM `tbl_motor`.
in /home/misagh/www/motorbike/index.php (13)
2016/12/05 10:52:32 [error] [exception.Error] Error: Call to a member function saveAs() on null in /home/misagh/www/motorbike/protected/controllers/MotorController.php:79
Stack trace:
#0 /home/misagh/www/yii/framework/web/actions/CInlineAction.php(50): MotorController->actionCreate()
#1 /home/misagh/www/yii/framework/web/CController.php(309): CInlineAction->runWithParams(Array)
#2 /home/misagh/www/yii/framework/web/filters/CFilterChain.php(134): CController->runAction(Object(CInlineAction))
#3 /home/misagh/www/yii/framework/web/filters/CFilter.php(41): CFilterChain->run()
#4 /home/misagh/www/yii/framework/web/CController.php(1146): CFilter->filter(Object(CFilterChain))
#5 /home/misagh/www/yii/framework/web/filters/CInlineFilter.php(59): CController->filterAccessControl(Object(CFilterChain))
#6 /home/misagh/www/yii/framework/web/filters/CFilterChain.php(131): CInlineFilter->filter(Object(CFilterChain))
#7 /home/misagh/www/yii/framework/web/CController.php(292): CFilterChain->run()
#8 /home/misagh/www/yii/framework/web/CController.php(266): CController->runActionWithFilters(Object(CInlineAction), Array)
#9 /home/misagh/www/yii/framework/web/CWebApplication.php(283): CController->run('create')
#10 /home/misagh/www/yii/framework/web/CWebApplication.php(142): CWebApplication->runController('motor/create')
#11 /home/misagh/www/yii/framework/base/CApplication.php(162): CWebApplication->processRequest()
#12 /home/misagh/www/motorbike/index.php(13): CApplication->run()
#13 {main}
REQUEST_URI=/motorbike/index.php/motor/create
HTTP_REFERER=http://localhost/motorbike/index.php/motor/create
---
2016/12/05 10:56:46 [error] [php] move_uploaded_file(/home/misagh/www/motorbike/protected/../uploads/6095-.odbc.ini): failed to open stream: No such file or directory (/home/misagh/www/yii/framework/web/CUploadedFile.php:197)
Stack trace:
#0 /home/misagh/www/yii/framework/web/actions/CInlineAction.php(50): MotorController->actionCreate()
#1 /home/misagh/www/yii/framework/web/CController.php(309): CInlineAction->runWithParams()
#2 /home/misagh/www/yii/framework/web/filters/CFilterChain.php(134): MotorController->runAction()
#3 /home/misagh/www/yii/framework/web/filters/CFilter.php(41): CFilterChain->run()
#4 /home/misagh/www/yii/framework/web/CController.php(1146): CAccessControlFilter->filter()
#5 /home/misagh/www/yii/framework/web/filters/CInlineFilter.php(59): MotorController->filterAccessControl()
#6 /home/misagh/www/yii/framework/web/filters/CFilterChain.php(131): CInlineFilter->filter()
#7 /home/misagh/www/yii/framework/web/CController.php(292): CFilterChain->run()
#8 /home/misagh/www/yii/framework/web/CController.php(266): MotorController->runActionWithFilters()
#9 /home/misagh/www/yii/framework/web/CWebApplication.php(283): MotorController->run()
#10 /home/misagh/www/yii/framework/web/CWebApplication.php(142): CWebApplication->runController()
#11 /home/misagh/www/yii/framework/base/CApplication.php(162): CWebApplication->processRequest()
#12 /home/misagh/www/motorbike/index.php(13): CWebApplication->run()
REQUEST_URI=/motorbike/index.php/motor/create
in /home/misagh/www/motorbike/protected/controllers/MotorController.php (79)
in /home/misagh/www/motorbike/index.php (13)
2016/12/05 10:59:27 [warning] [application] Failed to set unsafe attribute "image" of "Motor".
in /home/misagh/www/motorbike/protected/controllers/MotorController.php (73)
in /home/misagh/www/motorbike/index.php (13)
2016/12/05 10:59:27 [error] [php] move_uploaded_file(/home/misagh/www/motorbike/protected/../uploads/3236-.ICEauthority): failed to open stream: No such file or directory (/home/misagh/www/yii/framework/web/CUploadedFile.php:197)
Stack trace:
#0 /home/misagh/www/yii/framework/web/actions/CInlineAction.php(50): MotorController->actionCreate()
#1 /home/misagh/www/yii/framework/web/CController.php(309): CInlineAction->runWithParams()
#2 /home/misagh/www/yii/framework/web/filters/CFilterChain.php(134): MotorController->runAction()
#3 /home/misagh/www/yii/framework/web/filters/CFilter.php(41): CFilterChain->run()
#4 /home/misagh/www/yii/framework/web/CController.php(1146): CAccessControlFilter->filter()
#5 /home/misagh/www/yii/framework/web/filters/CInlineFilter.php(59): MotorController->filterAccessControl()
#6 /home/misagh/www/yii/framework/web/filters/CFilterChain.php(131): CInlineFilter->filter()
#7 /home/misagh/www/yii/framework/web/CController.php(292): CFilterChain->run()
#8 /home/misagh/www/yii/framework/web/CController.php(266): MotorController->runActionWithFilters()
#9 /home/misagh/www/yii/framework/web/CWebApplication.php(283): MotorController->run()
#10 /home/misagh/www/yii/framework/web/CWebApplication.php(142): CWebApplication->runController()
#11 /home/misagh/www/yii/framework/base/CApplication.php(162): CWebApplication->processRequest()
#12 /home/misagh/www/motorbike/index.php(13): CWebApplication->run()
REQUEST_URI=/motorbike/index.php/motor/create
in /home/misagh/www/motorbike/protected/controllers/MotorController.php (79)
in /home/misagh/www/motorbike/index.php (13)
2016/12/05 11:00:24 [warning] [application] Failed to set unsafe attribute "image" of "Motor".
in /home/misagh/www/motorbike/protected/controllers/MotorController.php (73)
in /home/misagh/www/motorbike/index.php (13)
2016/12/05 11:00:24 [error] [php] move_uploaded_file(/home/misagh/www/motorbike/protected/../uploads/2932-.xchm): failed to open stream: Permission denied (/home/misagh/www/yii/framework/web/CUploadedFile.php:197)
Stack trace:
#0 /home/misagh/www/yii/framework/web/actions/CInlineAction.php(50): MotorController->actionCreate()
#1 /home/misagh/www/yii/framework/web/CController.php(309): CInlineAction->runWithParams()
#2 /home/misagh/www/yii/framework/web/filters/CFilterChain.php(134): MotorController->runAction()
#3 /home/misagh/www/yii/framework/web/filters/CFilter.php(41): CFilterChain->run()
#4 /home/misagh/www/yii/framework/web/CController.php(1146): CAccessControlFilter->filter()
#5 /home/misagh/www/yii/framework/web/filters/CInlineFilter.php(59): MotorController->filterAccessControl()
#6 /home/misagh/www/yii/framework/web/filters/CFilterChain.php(131): CInlineFilter->filter()
#7 /home/misagh/www/yii/framework/web/CController.php(292): CFilterChain->run()
#8 /home/misagh/www/yii/framework/web/CController.php(266): MotorController->runActionWithFilters()
#9 /home/misagh/www/yii/framework/web/CWebApplication.php(283): MotorController->run()
#10 /home/misagh/www/yii/framework/web/CWebApplication.php(142): CWebApplication->runController()
#11 /home/misagh/www/yii/framework/base/CApplication.php(162): CWebApplication->processRequest()
#12 /home/misagh/www/motorbike/index.php(13): CWebApplication->run()
REQUEST_URI=/motorbike/index.php/motor/create
in /home/misagh/www/motorbike/protected/controllers/MotorController.php (79)
in /home/misagh/www/motorbike/index.php (13)
2016/12/05 11:01:09 [warning] [application] Failed to set unsafe attribute "image" of "Motor".
in /home/misagh/www/motorbike/protected/controllers/MotorController.php (73)
in /home/misagh/www/motorbike/index.php (13)
2016/12/05 11:05:02 [warning] [application] Failed to set unsafe attribute "image" of "Motor".
in /home/misagh/www/motorbike/protected/controllers/MotorController.php (104)
in /home/misagh/www/motorbike/index.php (13)
2016/12/05 11:05:11 [warning] [application] Failed to set unsafe attribute "image" of "Motor".
in /home/misagh/www/motorbike/protected/controllers/MotorController.php (73)
in /home/misagh/www/motorbike/index.php (13)
2016/12/05 11:05:28 [warning] [application] Failed to set unsafe attribute "image" of "Motor".
in /home/misagh/www/motorbike/protected/controllers/MotorController.php (73)
in /home/misagh/www/motorbike/index.php (13)
2016/12/05 11:05:28 [error] [exception.Error] Error: Call to a member function saveAs() on null in /home/misagh/www/motorbike/protected/controllers/MotorController.php:79
Stack trace:
#0 /home/misagh/www/yii/framework/web/actions/CInlineAction.php(50): MotorController->actionCreate()
#1 /home/misagh/www/yii/framework/web/CController.php(309): CInlineAction->runWithParams(Array)
#2 /home/misagh/www/yii/framework/web/filters/CFilterChain.php(134): CController->runAction(Object(CInlineAction))
#3 /home/misagh/www/yii/framework/web/filters/CFilter.php(41): CFilterChain->run()
#4 /home/misagh/www/yii/framework/web/CController.php(1146): CFilter->filter(Object(CFilterChain))
#5 /home/misagh/www/yii/framework/web/filters/CInlineFilter.php(59): CController->filterAccessControl(Object(CFilterChain))
#6 /home/misagh/www/yii/framework/web/filters/CFilterChain.php(131): CInlineFilter->filter(Object(CFilterChain))
#7 /home/misagh/www/yii/framework/web/CController.php(292): CFilterChain->run()
#8 /home/misagh/www/yii/framework/web/CController.php(266): CController->runActionWithFilters(Object(CInlineAction), Array)
#9 /home/misagh/www/yii/framework/web/CWebApplication.php(283): CController->run('create')
#10 /home/misagh/www/yii/framework/web/CWebApplication.php(142): CWebApplication->runController('motor/create')
#11 /home/misagh/www/yii/framework/base/CApplication.php(162): CWebApplication->processRequest()
#12 /home/misagh/www/motorbike/index.php(13): CApplication->run()
#13 {main}
REQUEST_URI=/motorbike/index.php/motor/create
HTTP_REFERER=http://localhost/motorbike/index.php/motor/create
---
2016/12/05 11:06:06 [warning] [application] Failed to set unsafe attribute "image" of "Motor".
in /home/misagh/www/motorbike/protected/controllers/MotorController.php (73)
in /home/misagh/www/motorbike/index.php (13)
2016/12/05 11:10:11 [warning] [application] Failed to set unsafe attribute "image" of "Motor".
in /home/misagh/www/motorbike/protected/controllers/MotorController.php (73)
in /home/misagh/www/motorbike/index.php (13)
2016/12/05 11:10:31 [warning] [application] Failed to set unsafe attribute "image" of "Motor".
in /home/misagh/www/motorbike/protected/controllers/MotorController.php (104)
in /home/misagh/www/motorbike/index.php (13)
2016/12/05 11:12:17 [warning] [application] Failed to set unsafe attribute "image" of "Motor".
in /home/misagh/www/motorbike/protected/controllers/MotorController.php (73)
in /home/misagh/www/motorbike/index.php (13)
2016/12/05 11:12:47 [warning] [application] Failed to set unsafe attribute "image" of "Motor".
in /home/misagh/www/motorbike/protected/controllers/MotorController.php (73)
in /home/misagh/www/motorbike/index.php (13)
2016/12/05 11:15:10 [warning] [application] Failed to set unsafe attribute "image" of "Motor".
in /home/misagh/www/motorbike/protected/controllers/MotorController.php (73)
in /home/misagh/www/motorbike/index.php (13)
2016/12/05 12:02:49 [error] [exception.CException] CException: Property "Motor.status" is not defined. in /home/misagh/www/yii/framework/base/CComponent.php:131
Stack trace:
#0 /home/misagh/www/yii/framework/db/ar/CActiveRecord.php(144): CComponent->__get('status')
#1 /home/misagh/www/yii/framework/base/CComponent.php(607) : eval()'d code(1): CActiveRecord->__get('status')
#2 /home/misagh/www/yii/framework/base/CComponent.php(607): eval()
#3 /home/misagh/www/yii/framework/zii/widgets/grid/CDataColumn.php(132): CComponent->evaluateExpression('Motor::getColor...', Array)
#4 /home/misagh/www/yii/framework/zii/widgets/grid/CGridColumn.php(145): CDataColumn->renderDataCellContent(0, Object(Motor))
#5 /home/misagh/www/yii/framework/zii/widgets/grid/CGridView.php(546): CGridColumn->renderDataCell(0)
#6 /home/misagh/www/yii/framework/zii/widgets/grid/CGridView.php(517): CGridView->renderTableRow(0)
#7 /home/misagh/www/yii/framework/zii/widgets/grid/CGridView.php(427): CGridView->renderTableBody()
#8 /home/misagh/www/yii/framework/zii/widgets/CBaseListView.php(161): CGridView->renderItems()
#9 [internal function]: CBaseListView->renderSection(Array)
#10 /home/misagh/www/yii/framework/zii/widgets/CBaseListView.php(144): preg_replace_callback('/{(\\w+)}/', Array, '{summary}\n{item...')
#11 /home/misagh/www/yii/framework/zii/widgets/CBaseListView.php(129): CBaseListView->renderContent()
#12 /home/misagh/www/yii/framework/web/CBaseController.php(174): CBaseListView->run()
#13 /home/misagh/www/motorbike/protected/views/motor/admin.php(44): CBaseController->widget('zii.widgets.gri...', Array)
#14 /home/misagh/www/yii/framework/web/CBaseController.php(127): require('/home/misagh/ww...')
#15 /home/misagh/www/yii/framework/web/CBaseController.php(96): CBaseController->renderInternal('/home/misagh/ww...', Array, true)
#16 /home/misagh/www/yii/framework/web/CController.php(870): CBaseController->renderFile('/home/misagh/ww...', Array, true)
#17 /home/misagh/www/yii/framework/web/CController.php(783): CController->renderPartial('admin', Array, true)
#18 /home/misagh/www/motorbike/protected/controllers/MotorController.php(157): CController->render('admin', Array)
#19 /home/misagh/www/yii/framework/web/actions/CInlineAction.php(50): MotorController->actionAdmin()
#20 /home/misagh/www/yii/framework/web/CController.php(309): CInlineAction->runWithParams(Array)
#21 /home/misagh/www/yii/framework/web/filters/CFilterChain.php(134): CController->runAction(Object(CInlineAction))
#22 /home/misagh/www/yii/framework/web/filters/CFilter.php(41): CFilterChain->run()
#23 /home/misagh/www/yii/framework/web/CController.php(1146): CFilter->filter(Object(CFilterChain))
#24 /home/misagh/www/yii/framework/web/filters/CInlineFilter.php(59): CController->filterAccessControl(Object(CFilterChain))
#25 /home/misagh/www/yii/framework/web/filters/CFilterChain.php(131): CInlineFilter->filter(Object(CFilterChain))
#26 /home/misagh/www/yii/framework/web/CController.php(292): CFilterChain->run()
#27 /home/misagh/www/yii/framework/web/CController.php(266): CController->runActionWithFilters(Object(CInlineAction), Array)
#28 /home/misagh/www/yii/framework/web/CWebApplication.php(283): CController->run('admin')
#29 /home/misagh/www/yii/framework/web/CWebApplication.php(142): CWebApplication->runController('motor/admin')
#30 /home/misagh/www/yii/framework/base/CApplication.php(162): CWebApplication->processRequest()
#31 /home/misagh/www/motorbike/index.php(13): CApplication->run()
#32 {main}
REQUEST_URI=/motorbike/index.php/motor/admin
HTTP_REFERER=http://localhost/motorbike/index.php/motor/index
---
2016/12/05 12:06:53 [warning] [application] Failed to set unsafe attribute "image" of "Motor".
in /home/misagh/www/motorbike/protected/controllers/MotorController.php (73)
in /home/misagh/www/motorbike/index.php (13)
2016/12/05 12:06:58 [error] [exception.ParseError] ParseError: syntax error, unexpected '<', expecting end of file in /home/misagh/www/motorbike/protected/views/motor/_view.php:33
Stack trace:
#0 /home/misagh/www/yii/framework/web/CBaseController.php(96): CBaseController->renderInternal('/home/misagh/ww...', Array, false)
#1 /home/misagh/www/yii/framework/zii/widgets/CListView.php(260): CBaseController->renderFile('/home/misagh/ww...', Array)
#2 /home/misagh/www/yii/framework/zii/widgets/CBaseListView.php(161): CListView->renderItems()
#3 [internal function]: CBaseListView->renderSection(Array)
#4 /home/misagh/www/yii/framework/zii/widgets/CBaseListView.php(144): preg_replace_callback('/{(\\w+)}/', Array, '{summary}\n{sort...')
#5 /home/misagh/www/yii/framework/zii/widgets/CBaseListView.php(129): CBaseListView->renderContent()
#6 /home/misagh/www/yii/framework/web/CBaseController.php(174): CBaseListView->run()
#7 /home/misagh/www/motorbike/protected/views/motor/index.php(19): CBaseController->widget('zii.widgets.CLi...', Array)
#8 /home/misagh/www/yii/framework/web/CBaseController.php(127): require('/home/misagh/ww...')
#9 /home/misagh/www/yii/framework/web/CBaseController.php(96): CBaseController->renderInternal('/home/misagh/ww...', Array, true)
#10 /home/misagh/www/yii/framework/web/CController.php(870): CBaseController->renderFile('/home/misagh/ww...', Array, true)
#11 /home/misagh/www/yii/framework/web/CController.php(783): CController->renderPartial('index', Array, true)
#12 /home/misagh/www/motorbike/protected/controllers/MotorController.php(142): CController->render('index', Array)
#13 /home/misagh/www/yii/framework/web/actions/CInlineAction.php(50): MotorController->actionIndex()
#14 /home/misagh/www/yii/framework/web/CController.php(309): CInlineAction->runWithParams(Array)
#15 /home/misagh/www/yii/framework/web/filters/CFilterChain.php(134): CController->runAction(Object(CInlineAction))
#16 /home/misagh/www/yii/framework/web/filters/CFilter.php(41): CFilterChain->run()
#17 /home/misagh/www/yii/framework/web/CController.php(1146): CFilter->filter(Object(CFilterChain))
#18 /home/misagh/www/yii/framework/web/filters/CInlineFilter.php(59): CController->filterAccessControl(Object(CFilterChain))
#19 /home/misagh/www/yii/framework/web/filters/CFilterChain.php(131): CInlineFilter->filter(Object(CFilterChain))
#20 /home/misagh/www/yii/framework/web/CController.php(292): CFilterChain->run()
#21 /home/misagh/www/yii/framework/web/CController.php(266): CController->runActionWithFilters(Object(CInlineAction), Array)
#22 /home/misagh/www/yii/framework/web/CWebApplication.php(283): CController->run('index')
#23 /home/misagh/www/yii/framework/web/CWebApplication.php(142): CWebApplication->runController('motor/index')
#24 /home/misagh/www/yii/framework/base/CApplication.php(162): CWebApplication->processRequest()
#25 /home/misagh/www/motorbike/index.php(13): CApplication->run()
#26 {main}
REQUEST_URI=/motorbike/index.php/motor/index
HTTP_REFERER=http://localhost/motorbike/index.php/motor/10
---
2016/12/05 12:07:53 [error] [php] Undefined variable: model (/home/misagh/www/motorbike/protected/views/motor/_view.php:29)
Stack trace:
#0 /home/misagh/www/yii/framework/zii/widgets/CListView.php(260): MotorController->renderFile()
#1 /home/misagh/www/yii/framework/zii/widgets/CBaseListView.php(161): CListView->renderItems()
#2 unknown(0): CListView->renderSection()
#3 /home/misagh/www/yii/framework/zii/widgets/CBaseListView.php(144): preg_replace_callback()
#4 /home/misagh/www/yii/framework/zii/widgets/CBaseListView.php(129): CListView->renderContent()
#5 /home/misagh/www/yii/framework/web/CBaseController.php(174): CListView->run()
#6 /home/misagh/www/motorbike/protected/views/motor/index.php(19): MotorController->widget()
#7 /home/misagh/www/yii/framework/web/CBaseController.php(127): require()
#8 /home/misagh/www/yii/framework/web/CBaseController.php(96): MotorController->renderInternal()
#9 /home/misagh/www/yii/framework/web/CController.php(870): MotorController->renderFile()
#10 /home/misagh/www/yii/framework/web/CController.php(783): MotorController->renderPartial()
#11 /home/misagh/www/motorbike/protected/controllers/MotorController.php(142): MotorController->render()
#12 /home/misagh/www/yii/framework/web/actions/CInlineAction.php(50): MotorController->actionIndex()
#13 /home/misagh/www/yii/framework/web/CController.php(309): CInlineAction->runWithParams()
#14 /home/misagh/www/yii/framework/web/filters/CFilterChain.php(134): MotorController->runAction()
#15 /home/misagh/www/yii/framework/web/filters/CFilter.php(41): CFilterChain->run()
#16 /home/misagh/www/yii/framework/web/CController.php(1146): CAccessControlFilter->filter()
#17 /home/misagh/www/yii/framework/web/filters/CInlineFilter.php(59): MotorController->filterAccessControl()
#18 /home/misagh/www/yii/framework/web/filters/CFilterChain.php(131): CInlineFilter->filter()
#19 /home/misagh/www/yii/framework/web/CController.php(292): CFilterChain->run()
#20 /home/misagh/www/yii/framework/web/CController.php(266): MotorController->runActionWithFilters()
#21 /home/misagh/www/yii/framework/web/CWebApplication.php(283): MotorController->run()
#22 /home/misagh/www/yii/framework/web/CWebApplication.php(142): CWebApplication->runController()
#23 /home/misagh/www/yii/framework/base/CApplication.php(162): CWebApplication->processRequest()
#24 /home/misagh/www/motorbike/index.php(13): CWebApplication->run()
REQUEST_URI=/motorbike/index.php/motor/index
in /home/misagh/www/motorbike/protected/views/motor/_view.php (29)
in /home/misagh/www/motorbike/protected/views/motor/index.php (19)
in /home/misagh/www/motorbike/protected/controllers/MotorController.php (142)
